{"/home/bob/code/AtomsDemo/frontend/src/api/client.ts": {"path":"/home/bob/code/AtomsDemo/frontend/src/api/client.ts","all":false,"statementMap":{"2":{"start":{"line":3,"column":0},"end":{"line":3,"column":56}},"4":{"start":{"line":5,"column":0},"end":{"line":5,"column":49}},"5":{"start":{"line":6,"column":0},"end":{"line":6,"column":44}},"6":{"start":{"line":7,"column":0},"end":{"line":7,"column":1}},"8":{"start":{"line":9,"column":0},"end":{"line":9,"column":36}},"9":{"start":{"line":10,"column":0},"end":{"line":10,"column":25}},"10":{"start":{"line":11,"column":0},"end":{"line":11,"column":1}},"12":{"start":{"line":13,"column":0},"end":{"line":13,"column":48}},"13":{"start":{"line":14,"column":0},"end":{"line":14,"column":55}},"14":{"start":{"line":15,"column":0},"end":{"line":15,"column":45}},"15":{"start":{"line":16,"column":0},"end":{"line":16,"column":1}},"17":{"start":{"line":18,"column":0},"end":{"line":18,"column":71}},"18":{"start":{"line":19,"column":0},"end":{"line":19,"column":62}},"19":{"start":{"line":20,"column":0},"end":{"line":20,"column":45}},"20":{"start":{"line":21,"column":0},"end":{"line":21,"column":27}},"21":{"start":{"line":22,"column":0},"end":{"line":22,"column":54}},"22":{"start":{"line":23,"column":0},"end":{"line":23,"column":63}},"23":{"start":{"line":24,"column":0},"end":{"line":24,"column":51}},"24":{"start":{"line":25,"column":0},"end":{"line":25,"column":3}},"25":{"start":{"line":26,"column":0},"end":{"line":26,"column":57}},"26":{"start":{"line":27,"column":0},"end":{"line":27,"column":67}},"27":{"start":{"line":28,"column":0},"end":{"line":28,"column":17}},"28":{"start":{"line":29,"column":0},"end":{"line":29,"column":1}},"30":{"start":{"line":31,"column":0},"end":{"line":31,"column":49}},"31":{"start":{"line":32,"column":0},"end":{"line":32,"column":16}},"32":{"start":{"line":33,"column":0},"end":{"line":33,"column":70}},"33":{"start":{"line":34,"column":0},"end":{"line":34,"column":21}},"34":{"start":{"line":35,"column":0},"end":{"line":35,"column":35}},"35":{"start":{"line":36,"column":0},"end":{"line":36,"column":3}},"36":{"start":{"line":37,"column":0},"end":{"line":37,"column":1}},"38":{"start":{"line":39,"column":0},"end":{"line":39,"column":76}},"39":{"start":{"line":40,"column":0},"end":{"line":40,"column":26}},"40":{"start":{"line":41,"column":0},"end":{"line":41,"column":49}},"41":{"start":{"line":42,"column":0},"end":{"line":42,"column":14}},"42":{"start":{"line":43,"column":0},"end":{"line":43,"column":41}},"43":{"start":{"line":44,"column":0},"end":{"line":44,"column":61}},"44":{"start":{"line":45,"column":0},"end":{"line":45,"column":26}},"45":{"start":{"line":46,"column":0},"end":{"line":46,"column":6}},"46":{"start":{"line":47,"column":0},"end":{"line":47,"column":15}},"47":{"start":{"line":48,"column":0},"end":{"line":48,"column":4}},"48":{"start":{"line":49,"column":0},"end":{"line":49,"column":27}},"49":{"start":{"line":50,"column":0},"end":{"line":50,"column":28}},"50":{"start":{"line":51,"column":0},"end":{"line":51,"column":35}},"51":{"start":{"line":52,"column":0},"end":{"line":52,"column":3}},"52":{"start":{"line":53,"column":0},"end":{"line":53,"column":16}},"53":{"start":{"line":54,"column":0},"end":{"line":54,"column":50}},"54":{"start":{"line":55,"column":0},"end":{"line":55,"column":55}},"55":{"start":{"line":56,"column":0},"end":{"line":56,"column":3}},"56":{"start":{"line":57,"column":0},"end":{"line":57,"column":19}},"57":{"start":{"line":58,"column":0},"end":{"line":58,"column":1}},"59":{"start":{"line":60,"column":0},"end":{"line":60,"column":20}},"60":{"start":{"line":61,"column":0},"end":{"line":61,"column":62}},"61":{"start":{"line":62,"column":0},"end":{"line":62,"column":69}},"62":{"start":{"line":63,"column":0},"end":{"line":63,"column":21}},"63":{"start":{"line":64,"column":0},"end":{"line":64,"column":54}},"64":{"start":{"line":65,"column":0},"end":{"line":65,"column":7}},"66":{"start":{"line":67,"column":0},"end":{"line":67,"column":45}},"67":{"start":{"line":68,"column":0},"end":{"line":68,"column":66}},"68":{"start":{"line":69,"column":0},"end":{"line":69,"column":21}},"69":{"start":{"line":70,"column":0},"end":{"line":70,"column":48}},"70":{"start":{"line":71,"column":0},"end":{"line":71,"column":7}},"72":{"start":{"line":73,"column":0},"end":{"line":73,"column":38}},"74":{"start":{"line":75,"column":0},"end":{"line":75,"column":54}},"76":{"start":{"line":77,"column":0},"end":{"line":77,"column":34}},"77":{"start":{"line":78,"column":0},"end":{"line":78,"column":86}},"79":{"start":{"line":80,"column":0},"end":{"line":80,"column":66}},"81":{"start":{"line":82,"column":0},"end":{"line":82,"column":46}},"82":{"start":{"line":83,"column":0},"end":{"line":83,"column":41}},"83":{"start":{"line":84,"column":0},"end":{"line":84,"column":22}},"84":{"start":{"line":85,"column":0},"end":{"line":85,"column":37}},"85":{"start":{"line":86,"column":0},"end":{"line":86,"column":7}},"87":{"start":{"line":88,"column":0},"end":{"line":88,"column":32}},"88":{"start":{"line":89,"column":0},"end":{"line":89,"column":73}},"90":{"start":{"line":91,"column":0},"end":{"line":91,"column":93}},"92":{"start":{"line":93,"column":0},"end":{"line":93,"column":97}},"94":{"start":{"line":95,"column":0},"end":{"line":95,"column":59}},"95":{"start":{"line":96,"column":0},"end":{"line":96,"column":82}},"96":{"start":{"line":97,"column":0},"end":{"line":97,"column":21}},"97":{"start":{"line":98,"column":0},"end":{"line":98,"column":7}},"99":{"start":{"line":100,"column":0},"end":{"line":100,"column":32}},"100":{"start":{"line":101,"column":0},"end":{"line":101,"column":89}},"101":{"start":{"line":102,"column":0},"end":{"line":102,"column":21}},"102":{"start":{"line":103,"column":0},"end":{"line":103,"column":7}},"104":{"start":{"line":105,"column":0},"end":{"line":105,"column":30}},"105":{"start":{"line":106,"column":0},"end":{"line":106,"column":78}},"107":{"start":{"line":108,"column":0},"end":{"line":108,"column":55}},"108":{"start":{"line":109,"column":0},"end":{"line":109,"column":84}},"109":{"start":{"line":110,"column":0},"end":{"line":110,"column":21}},"110":{"start":{"line":111,"column":0},"end":{"line":111,"column":7}},"112":{"start":{"line":113,"column":0},"end":{"line":113,"column":47}},"113":{"start":{"line":114,"column":0},"end":{"line":114,"column":40}},"114":{"start":{"line":115,"column":0},"end":{"line":115,"column":21}},"115":{"start":{"line":116,"column":0},"end":{"line":116,"column":52}},"116":{"start":{"line":117,"column":0},"end":{"line":117,"column":7}},"118":{"start":{"line":119,"column":0},"end":{"line":119,"column":72}},"119":{"start":{"line":120,"column":0},"end":{"line":120,"column":1}},"121":{"start":{"line":122,"column":0},"end":{"line":122,"column":80}},"122":{"start":{"line":123,"column":0},"end":{"line":123,"column":45}},"123":{"start":{"line":124,"column":0},"end":{"line":124,"column":7}},"124":{"start":{"line":125,"column":0},"end":{"line":125,"column":63}},"125":{"start":{"line":126,"column":0},"end":{"line":126,"column":11}},"126":{"start":{"line":127,"column":0},"end":{"line":127,"column":15}},"127":{"start":{"line":128,"column":0},"end":{"line":128,"column":3}},"128":{"start":{"line":129,"column":0},"end":{"line":129,"column":1}},"130":{"start":{"line":131,"column":0},"end":{"line":131,"column":33}},"131":{"start":{"line":132,"column":0},"end":{"line":132,"column":15}},"132":{"start":{"line":133,"column":0},"end":{"line":133,"column":28}},"133":{"start":{"line":134,"column":0},"end":{"line":134,"column":52}},"134":{"start":{"line":135,"column":0},"end":{"line":135,"column":3}},"135":{"start":{"line":136,"column":0},"end":{"line":136,"column":26}},"136":{"start":{"line":137,"column":0},"end":{"line":137,"column":49}},"137":{"start":{"line":138,"column":0},"end":{"line":138,"column":19}},"138":{"start":{"line":139,"column":0},"end":{"line":139,"column":14}},"139":{"start":{"line":140,"column":0},"end":{"line":140,"column":41}},"140":{"start":{"line":141,"column":0},"end":{"line":141,"column":61}},"141":{"start":{"line":142,"column":0},"end":{"line":142,"column":6}},"142":{"start":{"line":143,"column":0},"end":{"line":143,"column":50}},"143":{"start":{"line":144,"column":0},"end":{"line":144,"column":4}},"144":{"start":{"line":145,"column":0},"end":{"line":145,"column":27}},"145":{"start":{"line":146,"column":0},"end":{"line":146,"column":28}},"146":{"start":{"line":147,"column":0},"end":{"line":147,"column":35}},"147":{"start":{"line":148,"column":0},"end":{"line":148,"column":3}},"148":{"start":{"line":149,"column":0},"end":{"line":149,"column":29}},"149":{"start":{"line":150,"column":0},"end":{"line":150,"column":50}},"150":{"start":{"line":151,"column":0},"end":{"line":151,"column":56}},"151":{"start":{"line":152,"column":0},"end":{"line":152,"column":3}},"153":{"start":{"line":154,"column":0},"end":{"line":154,"column":37}},"154":{"start":{"line":155,"column":0},"end":{"line":155,"column":35}},"155":{"start":{"line":156,"column":0},"end":{"line":156,"column":17}},"156":{"start":{"line":157,"column":0},"end":{"line":157,"column":16}},"157":{"start":{"line":158,"column":0},"end":{"line":158,"column":47}},"158":{"start":{"line":159,"column":0},"end":{"line":159,"column":19}},"159":{"start":{"line":160,"column":0},"end":{"line":160,"column":53}},"160":{"start":{"line":161,"column":0},"end":{"line":161,"column":36}},"161":{"start":{"line":162,"column":0},"end":{"line":162,"column":30}},"162":{"start":{"line":163,"column":0},"end":{"line":163,"column":31}},"163":{"start":{"line":164,"column":0},"end":{"line":164,"column":42}},"164":{"start":{"line":165,"column":0},"end":{"line":165,"column":26}},"165":{"start":{"line":166,"column":0},"end":{"line":166,"column":35}},"166":{"start":{"line":167,"column":0},"end":{"line":167,"column":90}},"167":{"start":{"line":168,"column":0},"end":{"line":168,"column":32}},"168":{"start":{"line":169,"column":0},"end":{"line":169,"column":7}},"169":{"start":{"line":170,"column":0},"end":{"line":170,"column":20}},"170":{"start":{"line":171,"column":0},"end":{"line":171,"column":5}},"171":{"start":{"line":172,"column":0},"end":{"line":172,"column":3}},"172":{"start":{"line":173,"column":0},"end":{"line":173,"column":1}}},"s":{"2":1,"4":1,"5":13,"6":13,"8":10,"9":10,"10":10,"12":1,"13":9,"14":4,"15":9,"17":1,"18":6,"19":5,"20":5,"21":6,"22":3,"23":3,"24":3,"25":6,"26":1,"27":0,"28":0,"30":3,"31":3,"32":3,"33":3,"34":2,"35":2,"36":3,"38":5,"39":5,"40":5,"41":5,"42":5,"43":5,"44":5,"45":5,"46":5,"47":5,"48":5,"49":2,"50":2,"51":2,"52":5,"53":1,"54":1,"55":1,"56":2,"57":2,"59":1,"60":1,"61":0,"62":0,"63":0,"64":0,"66":1,"67":0,"68":0,"69":0,"70":0,"72":1,"74":1,"76":1,"77":1,"79":1,"81":1,"82":0,"83":0,"84":0,"85":0,"87":1,"88":0,"90":1,"92":1,"94":1,"95":0,"96":0,"97":0,"99":1,"100":0,"101":0,"102":0,"104":1,"105":0,"107":1,"108":0,"109":0,"110":0,"112":1,"113":0,"114":0,"115":0,"116":0,"118":1,"119":1,"121":1,"122":10,"123":6,"124":6,"125":10,"126":1,"127":1,"128":10,"130":5,"131":5,"132":5,"133":5,"134":5,"135":5,"136":5,"137":5,"138":5,"139":5,"140":5,"141":5,"142":5,"143":5,"144":5,"145":1,"146":1,"147":1,"148":5,"149":1,"150":1,"151":1,"153":3,"154":3,"155":3,"156":5,"157":7,"158":7,"159":5,"160":5,"161":7,"162":7,"163":7,"164":7,"165":7,"166":1,"167":1,"168":1,"169":3,"170":3,"171":4,"172":5},"branchMap":{"0":{"type":"branch","line":5,"loc":{"start":{"line":5,"column":7},"end":{"line":7,"column":1}},"locations":[{"start":{"line":5,"column":7},"end":{"line":7,"column":1}}]},"1":{"type":"branch","line":9,"loc":{"start":{"line":9,"column":0},"end":{"line":11,"column":1}},"locations":[{"start":{"line":9,"column":0},"end":{"line":11,"column":1}}]},"2":{"type":"branch","line":13,"loc":{"start":{"line":13,"column":7},"end":{"line":16,"column":1}},"locations":[{"start":{"line":13,"column":7},"end":{"line":16,"column":1}}]},"3":{"type":"branch","line":14,"loc":{"start":{"line":14,"column":13},"end":{"line":14,"column":55}},"locations":[{"start":{"line":14,"column":13},"end":{"line":14,"column":55}}]},"4":{"type":"branch","line":14,"loc":{"start":{"line":14,"column":54},"end":{"line":15,"column":45}},"locations":[{"start":{"line":14,"column":54},"end":{"line":15,"column":45}}]},"5":{"type":"branch","line":18,"loc":{"start":{"line":18,"column":7},"end":{"line":29,"column":1}},"locations":[{"start":{"line":18,"column":7},"end":{"line":29,"column":1}}]},"6":{"type":"branch","line":19,"loc":{"start":{"line":19,"column":47},"end":{"line":19,"column":62}},"locations":[{"start":{"line":19,"column":47},"end":{"line":19,"column":62}}]},"7":{"type":"branch","line":19,"loc":{"start":{"line":19,"column":54},"end":{"line":22,"column":36}},"locations":[{"start":{"line":19,"column":54},"end":{"line":22,"column":36}}]},"8":{"type":"branch","line":22,"loc":{"start":{"line":22,"column":24},"end":{"line":22,"column":53}},"locations":[{"start":{"line":22,"column":24},"end":{"line":22,"column":53}}]},"9":{"type":"branch","line":22,"loc":{"start":{"line":22,"column":53},"end":{"line":25,"column":3}},"locations":[{"start":{"line":22,"column":53},"end":{"line":25,"column":3}}]},"10":{"type":"branch","line":25,"loc":{"start":{"line":25,"column":2},"end":{"line":26,"column":46}},"locations":[{"start":{"line":25,"column":2},"end":{"line":26,"column":46}}]},"11":{"type":"branch","line":26,"loc":{"start":{"line":26,"column":39},"end":{"line":27,"column":67}},"locations":[{"start":{"line":26,"column":39},"end":{"line":27,"column":67}}]},"12":{"type":"branch","line":27,"loc":{"start":{"line":27,"column":66},"end":{"line":29,"column":1}},"locations":[{"start":{"line":27,"column":66},"end":{"line":29,"column":1}}]},"13":{"type":"branch","line":31,"loc":{"start":{"line":31,"column":0},"end":{"line":37,"column":1}},"locations":[{"start":{"line":31,"column":0},"end":{"line":37,"column":1}}]},"14":{"type":"branch","line":33,"loc":{"start":{"line":33,"column":31},"end":{"line":33,"column":70}},"locations":[{"start":{"line":33,"column":31},"end":{"line":33,"column":70}}]},"15":{"type":"branch","line":34,"loc":{"start":{"line":34,"column":20},"end":{"line":36,"column":3}},"locations":[{"start":{"line":34,"column":20},"end":{"line":36,"column":3}}]},"16":{"type":"branch","line":39,"loc":{"start":{"line":39,"column":0},"end":{"line":58,"column":1}},"locations":[{"start":{"line":39,"column":0},"end":{"line":58,"column":1}}]},"17":{"type":"branch","line":44,"loc":{"start":{"line":44,"column":10},"end":{"line":44,"column":57}},"locations":[{"start":{"line":44,"column":10},"end":{"line":44,"column":57}}]},"18":{"type":"branch","line":44,"loc":{"start":{"line":44,"column":53},"end":{"line":44,"column":61}},"locations":[{"start":{"line":44,"column":53},"end":{"line":44,"column":61}}]},"19":{"type":"branch","line":45,"loc":{"start":{"line":45,"column":9},"end":{"line":45,"column":26}},"locations":[{"start":{"line":45,"column":9},"end":{"line":45,"column":26}}]},"20":{"type":"branch","line":49,"loc":{"start":{"line":49,"column":26},"end":{"line":52,"column":3}},"locations":[{"start":{"line":49,"column":26},"end":{"line":52,"column":3}}]},"21":{"type":"branch","line":52,"loc":{"start":{"line":52,"column":2},"end":{"line":53,"column":15}},"locations":[{"start":{"line":52,"column":2},"end":{"line":53,"column":15}}]},"22":{"type":"branch","line":53,"loc":{"start":{"line":53,"column":15},"end":{"line":56,"column":3}},"locations":[{"start":{"line":53,"column":15},"end":{"line":56,"column":3}}]},"23":{"type":"branch","line":56,"loc":{"start":{"line":56,"column":2},"end":{"line":58,"column":1}},"locations":[{"start":{"line":56,"column":2},"end":{"line":58,"column":1}}]},"24":{"type":"branch","line":73,"loc":{"start":{"line":73,"column":6},"end":{"line":73,"column":38}},"locations":[{"start":{"line":73,"column":6},"end":{"line":73,"column":38}}]},"25":{"type":"branch","line":75,"loc":{"start":{"line":75,"column":16},"end":{"line":75,"column":54}},"locations":[{"start":{"line":75,"column":16},"end":{"line":75,"column":54}}]},"26":{"type":"branch","line":77,"loc":{"start":{"line":77,"column":17},"end":{"line":78,"column":86}},"locations":[{"start":{"line":77,"column":17},"end":{"line":78,"column":86}}]},"27":{"type":"branch","line":122,"loc":{"start":{"line":122,"column":7},"end":{"line":129,"column":1}},"locations":[{"start":{"line":122,"column":7},"end":{"line":129,"column":1}}]},"28":{"type":"branch","line":123,"loc":{"start":{"line":123,"column":34},"end":{"line":123,"column":45}},"locations":[{"start":{"line":123,"column":34},"end":{"line":123,"column":45}}]},"29":{"type":"branch","line":123,"loc":{"start":{"line":123,"column":41},"end":{"line":126,"column":10}},"locations":[{"start":{"line":123,"column":41},"end":{"line":126,"column":10}}]},"30":{"type":"branch","line":126,"loc":{"start":{"line":126,"column":2},"end":{"line":128,"column":3}},"locations":[{"start":{"line":126,"column":2},"end":{"line":128,"column":3}}]},"31":{"type":"branch","line":131,"loc":{"start":{"line":131,"column":0},"end":{"line":173,"column":1}},"locations":[{"start":{"line":131,"column":0},"end":{"line":173,"column":1}}]},"32":{"type":"branch","line":141,"loc":{"start":{"line":141,"column":10},"end":{"line":141,"column":57}},"locations":[{"start":{"line":141,"column":10},"end":{"line":141,"column":57}}]},"33":{"type":"branch","line":141,"loc":{"start":{"line":141,"column":53},"end":{"line":141,"column":61}},"locations":[{"start":{"line":141,"column":53},"end":{"line":141,"column":61}}]},"34":{"type":"branch","line":143,"loc":{"start":{"line":143,"column":10},"end":{"line":143,"column":40}},"locations":[{"start":{"line":143,"column":10},"end":{"line":143,"column":40}}]},"35":{"type":"branch","line":143,"loc":{"start":{"line":143,"column":36},"end":{"line":143,"column":50}},"locations":[{"start":{"line":143,"column":36},"end":{"line":143,"column":50}}]},"36":{"type":"branch","line":145,"loc":{"start":{"line":145,"column":26},"end":{"line":148,"column":3}},"locations":[{"start":{"line":145,"column":26},"end":{"line":148,"column":3}}]},"37":{"type":"branch","line":148,"loc":{"start":{"line":148,"column":2},"end":{"line":149,"column":17}},"locations":[{"start":{"line":148,"column":2},"end":{"line":149,"column":17}}]},"38":{"type":"branch","line":149,"loc":{"start":{"line":149,"column":11},"end":{"line":149,"column":28}},"locations":[{"start":{"line":149,"column":11},"end":{"line":149,"column":28}}]},"39":{"type":"branch","line":149,"loc":{"start":{"line":149,"column":28},"end":{"line":152,"column":3}},"locations":[{"start":{"line":149,"column":28},"end":{"line":152,"column":3}}]},"40":{"type":"branch","line":152,"loc":{"start":{"line":152,"column":2},"end":{"line":157,"column":15}},"locations":[{"start":{"line":152,"column":2},"end":{"line":157,"column":15}}]},"41":{"type":"branch","line":157,"loc":{"start":{"line":157,"column":15},"end":{"line":172,"column":3}},"locations":[{"start":{"line":157,"column":15},"end":{"line":172,"column":3}}]},"42":{"type":"branch","line":159,"loc":{"start":{"line":159,"column":14},"end":{"line":159,"column":19}},"locations":[{"start":{"line":159,"column":14},"end":{"line":159,"column":19}}]},"43":{"type":"branch","line":159,"loc":{"start":{"line":159,"column":14},"end":{"line":162,"column":28}},"locations":[{"start":{"line":159,"column":14},"end":{"line":162,"column":28}}]},"44":{"type":"branch","line":162,"loc":{"start":{"line":162,"column":23},"end":{"line":162,"column":30}},"locations":[{"start":{"line":162,"column":23},"end":{"line":162,"column":30}}]},"45":{"type":"branch","line":165,"loc":{"start":{"line":165,"column":18},"end":{"line":165,"column":26}},"locations":[{"start":{"line":165,"column":18},"end":{"line":165,"column":26}}]},"46":{"type":"branch","line":165,"loc":{"start":{"line":165,"column":18},"end":{"line":166,"column":34}},"locations":[{"start":{"line":165,"column":18},"end":{"line":166,"column":34}}]},"47":{"type":"branch","line":166,"loc":{"start":{"line":166,"column":34},"end":{"line":169,"column":7}},"locations":[{"start":{"line":166,"column":34},"end":{"line":169,"column":7}}]},"48":{"type":"branch","line":167,"loc":{"start":{"line":167,"column":66},"end":{"line":167,"column":90}},"locations":[{"start":{"line":167,"column":66},"end":{"line":167,"column":90}}]},"49":{"type":"branch","line":169,"loc":{"start":{"line":169,"column":6},"end":{"line":171,"column":5}},"locations":[{"start":{"line":169,"column":6},"end":{"line":171,"column":5}}]},"50":{"type":"branch","line":171,"loc":{"start":{"line":171,"column":4},"end":{"line":172,"column":3}},"locations":[{"start":{"line":171,"column":4},"end":{"line":172,"column":3}}]}},"b":{"0":[13],"1":[10],"2":[9],"3":[5],"4":[4],"5":[6],"6":[1],"7":[5],"8":[3],"9":[3],"10":[2],"11":[1],"12":[0],"13":[3],"14":[2],"15":[2],"16":[5],"17":[3],"18":[2],"19":[1],"20":[2],"21":[3],"22":[1],"23":[2],"24":[2],"25":[2],"26":[1],"27":[10],"28":[4],"29":[6],"30":[1],"31":[5],"32":[1],"33":[4],"34":[3],"35":[2],"36":[1],"37":[4],"38":[3],"39":[1],"40":[3],"41":[7],"42":[2],"43":[5],"44":[4],"45":[3],"46":[4],"47":[1],"48":[0],"49":[3],"50":[4]},"fnMap":{"0":{"name":"getStoredToken","decl":{"start":{"line":5,"column":7},"end":{"line":7,"column":1}},"loc":{"start":{"line":5,"column":7},"end":{"line":7,"column":1}},"line":5},"1":{"name":"getToken","decl":{"start":{"line":9,"column":0},"end":{"line":11,"column":1}},"loc":{"start":{"line":9,"column":0},"end":{"line":11,"column":1}},"line":9},"2":{"name":"setToken","decl":{"start":{"line":13,"column":7},"end":{"line":16,"column":1}},"loc":{"start":{"line":13,"column":7},"end":{"line":16,"column":1}},"line":13},"3":{"name":"parseApiError","decl":{"start":{"line":18,"column":7},"end":{"line":29,"column":1}},"loc":{"start":{"line":18,"column":7},"end":{"line":29,"column":1}},"line":18},"4":{"name":"handleUnauthorized","decl":{"start":{"line":31,"column":0},"end":{"line":37,"column":1}},"loc":{"start":{"line":31,"column":0},"end":{"line":37,"column":1}},"line":31},"5":{"name":"request","decl":{"start":{"line":39,"column":0},"end":{"line":58,"column":1}},"loc":{"start":{"line":39,"column":0},"end":{"line":58,"column":1}},"line":39},"6":{"name":"register","decl":{"start":{"line":61,"column":12},"end":{"line":65,"column":7}},"loc":{"start":{"line":61,"column":12},"end":{"line":65,"column":7}},"line":61},"7":{"name":"login","decl":{"start":{"line":67,"column":9},"end":{"line":71,"column":7}},"loc":{"start":{"line":67,"column":9},"end":{"line":71,"column":7}},"line":67},"8":{"name":"me","decl":{"start":{"line":73,"column":6},"end":{"line":73,"column":38}},"loc":{"start":{"line":73,"column":6},"end":{"line":73,"column":38}},"line":73},"9":{"name":"listProjects","decl":{"start":{"line":75,"column":16},"end":{"line":75,"column":54}},"loc":{"start":{"line":75,"column":16},"end":{"line":75,"column":54}},"line":75},"10":{"name":"createProject","decl":{"start":{"line":77,"column":17},"end":{"line":78,"column":86}},"loc":{"start":{"line":77,"column":17},"end":{"line":78,"column":86}},"line":77},"11":{"name":"getProject","decl":{"start":{"line":80,"column":14},"end":{"line":80,"column":66}},"loc":{"start":{"line":80,"column":14},"end":{"line":80,"column":66}},"line":80},"12":{"name":"updateProject","decl":{"start":{"line":82,"column":17},"end":{"line":86,"column":7}},"loc":{"start":{"line":82,"column":17},"end":{"line":86,"column":7}},"line":82},"13":{"name":"deleteProject","decl":{"start":{"line":88,"column":17},"end":{"line":89,"column":73}},"loc":{"start":{"line":88,"column":17},"end":{"line":89,"column":73}},"line":88},"14":{"name":"listMessages","decl":{"start":{"line":91,"column":16},"end":{"line":91,"column":93}},"loc":{"start":{"line":91,"column":16},"end":{"line":91,"column":93}},"line":91},"15":{"name":"listVersions","decl":{"start":{"line":93,"column":16},"end":{"line":93,"column":97}},"loc":{"start":{"line":93,"column":16},"end":{"line":93,"column":97}},"line":93},"16":{"name":"restoreVersion","decl":{"start":{"line":95,"column":18},"end":{"line":98,"column":7}},"loc":{"start":{"line":95,"column":18},"end":{"line":98,"column":7}},"line":95},"17":{"name":"deploy","decl":{"start":{"line":100,"column":10},"end":{"line":103,"column":7}},"loc":{"start":{"line":100,"column":10},"end":{"line":103,"column":7}},"line":100},"18":{"name":"race","decl":{"start":{"line":105,"column":8},"end":{"line":106,"column":78}},"loc":{"start":{"line":105,"column":8},"end":{"line":106,"column":78}},"line":105},"19":{"name":"selectRace","decl":{"start":{"line":108,"column":14},"end":{"line":111,"column":7}},"loc":{"start":{"line":108,"column":14},"end":{"line":111,"column":7}},"line":108},"20":{"name":"purchase","decl":{"start":{"line":113,"column":12},"end":{"line":117,"column":7}},"loc":{"start":{"line":113,"column":12},"end":{"line":117,"column":7}},"line":113},"21":{"name":"getShared","decl":{"start":{"line":119,"column":13},"end":{"line":119,"column":72}},"loc":{"start":{"line":119,"column":13},"end":{"line":119,"column":72}},"line":119},"22":{"name":"parseSseDataLine","decl":{"start":{"line":122,"column":7},"end":{"line":129,"column":1}},"loc":{"start":{"line":122,"column":7},"end":{"line":129,"column":1}},"line":122},"23":{"name":"streamPost","decl":{"start":{"line":131,"column":0},"end":{"line":173,"column":1}},"loc":{"start":{"line":131,"column":0},"end":{"line":173,"column":1}},"line":131}},"f":{"0":13,"1":10,"2":9,"3":6,"4":3,"5":5,"6":0,"7":0,"8":2,"9":2,"10":1,"11":0,"12":0,"13":0,"14":0,"15":0,"16":0,"17":0,"18":0,"19":0,"20":0,"21":0,"22":10,"23":5}}
,"/home/bob/code/AtomsDemo/frontend/src/components/AgentMessage.tsx": {"path":"/home/bob/code/AtomsDemo/frontend/src/components/AgentMessage.tsx","all":false,"statementMap":{"0":{"start":{"line":1,"column":0},"end":{"line":1,"column":37}},"7":{"start":{"line":8,"column":0},"end":{"line":8,"column":62}},"8":{"start":{"line":9,"column":0},"end":{"line":9,"column":40}},"9":{"start":{"line":10,"column":0},"end":{"line":10,"column":74}},"11":{"start":{"line":12,"column":0},"end":{"line":12,"column":15}},"12":{"start":{"line":13,"column":0},"end":{"line":13,"column":12}},"13":{"start":{"line":14,"column":0},"end":{"line":14,"column":40}},"14":{"start":{"line":15,"column":0},"end":{"line":15,"column":108}},"15":{"start":{"line":16,"column":0},"end":{"line":16,"column":27}},"16":{"start":{"line":17,"column":0},"end":{"line":17,"column":14}},"17":{"start":{"line":18,"column":0},"end":{"line":18,"column":12}},"19":{"start":{"line":20,"column":0},"end":{"line":20,"column":3}},"21":{"start":{"line":22,"column":0},"end":{"line":22,"column":10}},"22":{"start":{"line":23,"column":0},"end":{"line":23,"column":40}},"23":{"start":{"line":24,"column":0},"end":{"line":24,"column":35}},"24":{"start":{"line":25,"column":0},"end":{"line":25,"column":19}},"25":{"start":{"line":26,"column":0},"end":{"line":26,"column":14}},"26":{"start":{"line":27,"column":0},"end":{"line":27,"column":121}},"28":{"start":{"line":29,"column":0},"end":{"line":29,"column":51}},"29":{"start":{"line":30,"column":0},"end":{"line":30,"column":16}},"31":{"start":{"line":32,"column":0},"end":{"line":32,"column":137}},"32":{"start":{"line":33,"column":0},"end":{"line":33,"column":27}},"33":{"start":{"line":34,"column":0},"end":{"line":34,"column":14}},"34":{"start":{"line":35,"column":0},"end":{"line":35,"column":12}},"35":{"start":{"line":36,"column":0},"end":{"line":36,"column":10}},"37":{"start":{"line":38,"column":0},"end":{"line":38,"column":1}},"43":{"start":{"line":44,"column":0},"end":{"line":44,"column":79}},"44":{"start":{"line":45,"column":0},"end":{"line":45,"column":55}},"45":{"start":{"line":46,"column":0},"end":{"line":46,"column":10}},"46":{"start":{"line":47,"column":0},"end":{"line":47,"column":40}},"47":{"start":{"line":48,"column":0},"end":{"line":48,"column":11}},"48":{"start":{"line":49,"column":0},"end":{"line":49,"column":12}},"49":{"start":{"line":50,"column":0},"end":{"line":50,"column":118}},"51":{"start":{"line":52,"column":0},"end":{"line":52,"column":47}},"52":{"start":{"line":53,"column":0},"end":{"line":53,"column":14}},"53":{"start":{"line":54,"column":0},"end":{"line":54,"column":104}},"54":{"start":{"line":55,"column":0},"end":{"line":55,"column":75}},"55":{"start":{"line":56,"column":0},"end":{"line":56,"column":75}},"56":{"start":{"line":57,"column":0},"end":{"line":57,"column":75}},"57":{"start":{"line":58,"column":0},"end":{"line":58,"column":14}},"58":{"start":{"line":59,"column":0},"end":{"line":59,"column":12}},"59":{"start":{"line":60,"column":0},"end":{"line":60,"column":10}},"61":{"start":{"line":62,"column":0},"end":{"line":62,"column":1}}},"s":{"0":1,"7":1,"8":2,"9":2,"11":2,"12":1,"13":1,"14":1,"15":1,"16":1,"17":1,"19":1,"21":1,"22":1,"23":1,"24":1,"25":1,"26":1,"28":1,"29":1,"31":2,"32":2,"33":2,"34":2,"35":2,"37":2,"43":1,"44":1,"45":1,"46":1,"47":1,"48":1,"49":1,"51":1,"52":1,"53":1,"54":1,"55":1,"56":1,"57":1,"58":1,"59":1,"61":1},"branchMap":{"0":{"type":"branch","line":8,"loc":{"start":{"line":8,"column":7},"end":{"line":38,"column":1}},"locations":[{"start":{"line":8,"column":7},"end":{"line":38,"column":1}}]},"1":{"type":"branch","line":10,"loc":{"start":{"line":10,"column":24},"end":{"line":10,"column":70}},"locations":[{"start":{"line":10,"column":24},"end":{"line":10,"column":70}}]},"2":{"type":"branch","line":10,"loc":{"start":{"line":10,"column":66},"end":{"line":10,"column":74}},"locations":[{"start":{"line":10,"column":66},"end":{"line":10,"column":74}}]},"3":{"type":"branch","line":12,"loc":{"start":{"line":12,"column":14},"end":{"line":30,"column":16}},"locations":[{"start":{"line":12,"column":14},"end":{"line":30,"column":16}}]},"4":{"type":"branch","line":44,"loc":{"start":{"line":44,"column":7},"end":{"line":62,"column":1}},"locations":[{"start":{"line":44,"column":7},"end":{"line":62,"column":1}}]},"5":{"type":"branch","line":45,"loc":{"start":{"line":45,"column":31},"end":{"line":45,"column":55}},"locations":[{"start":{"line":45,"column":31},"end":{"line":45,"column":55}}]}},"b":{"0":[2],"1":[1],"2":[1],"3":[1],"4":[1],"5":[0]},"fnMap":{"0":{"name":"AgentMessage","decl":{"start":{"line":8,"column":7},"end":{"line":38,"column":1}},"loc":{"start":{"line":8,"column":7},"end":{"line":38,"column":1}},"line":8},"1":{"name":"TypingIndicator","decl":{"start":{"line":44,"column":7},"end":{"line":62,"column":1}},"loc":{"start":{"line":44,"column":7},"end":{"line":62,"column":1}},"line":44}},"f":{"0":2,"1":1}}
,"/home/bob/code/AtomsDemo/frontend/src/components/AgentTimeline.tsx": {"path":"/home/bob/code/AtomsDemo/frontend/src/components/AgentTimeline.tsx","all":false,"statementMap":{"0":{"start":{"line":1,"column":0},"end":{"line":1,"column":37}},"2":{"start":{"line":3,"column":0},"end":{"line":3,"column":68}},"9":{"start":{"line":10,"column":0},"end":{"line":10,"column":79}},"10":{"start":{"line":11,"column":0},"end":{"line":11,"column":10}},"11":{"start":{"line":12,"column":0},"end":{"line":12,"column":42}},"12":{"start":{"line":13,"column":0},"end":{"line":13,"column":28}},"13":{"start":{"line":14,"column":0},"end":{"line":14,"column":37}},"14":{"start":{"line":15,"column":0},"end":{"line":15,"column":47}},"15":{"start":{"line":16,"column":0},"end":{"line":16,"column":45}},"16":{"start":{"line":17,"column":0},"end":{"line":17,"column":16}},"17":{"start":{"line":18,"column":0},"end":{"line":18,"column":14}},"18":{"start":{"line":19,"column":0},"end":{"line":19,"column":22}},"19":{"start":{"line":20,"column":0},"end":{"line":20,"column":82}},"20":{"start":{"line":21,"column":0},"end":{"line":21,"column":20}},"21":{"start":{"line":22,"column":0},"end":{"line":22,"column":51}},"22":{"start":{"line":23,"column":0},"end":{"line":23,"column":26}},"23":{"start":{"line":24,"column":0},"end":{"line":24,"column":60}},"24":{"start":{"line":25,"column":0},"end":{"line":25,"column":49}},"25":{"start":{"line":26,"column":0},"end":{"line":26,"column":15}},"27":{"start":{"line":28,"column":0},"end":{"line":28,"column":65}},"28":{"start":{"line":29,"column":0},"end":{"line":29,"column":50}},"29":{"start":{"line":30,"column":0},"end":{"line":30,"column":16}},"31":{"start":{"line":32,"column":0},"end":{"line":32,"column":9}},"32":{"start":{"line":33,"column":0},"end":{"line":33,"column":10}},"34":{"start":{"line":35,"column":0},"end":{"line":35,"column":1}}},"s":{"0":1,"2":1,"9":1,"10":1,"11":1,"12":1,"13":4,"14":4,"15":4,"16":4,"17":4,"18":4,"19":4,"20":4,"21":1,"22":3,"23":1,"24":2,"25":4,"27":4,"28":4,"29":4,"31":1,"32":1,"34":1},"branchMap":{"0":{"type":"branch","line":10,"loc":{"start":{"line":10,"column":7},"end":{"line":35,"column":1}},"locations":[{"start":{"line":10,"column":7},"end":{"line":35,"column":1}}]},"1":{"type":"branch","line":13,"loc":{"start":{"line":13,"column":17},"end":{"line":32,"column":7}},"locations":[{"start":{"line":13,"column":17},"end":{"line":32,"column":7}}]},"2":{"type":"branch","line":21,"loc":{"start":{"line":21,"column":14},"end":{"line":22,"column":51}},"locations":[{"start":{"line":21,"column":14},"end":{"line":22,"column":51}}]},"3":{"type":"branch","line":22,"loc":{"start":{"line":22,"column":18},"end":{"line":25,"column":49}},"locations":[{"start":{"line":22,"column":18},"end":{"line":25,"column":49}}]},"4":{"type":"branch","line":23,"loc":{"start":{"line":23,"column":18},"end":{"line":24,"column":60}},"locations":[{"start":{"line":23,"column":18},"end":{"line":24,"column":60}}]},"5":{"type":"branch","line":24,"loc":{"start":{"line":24,"column":20},"end":{"line":25,"column":49}},"locations":[{"start":{"line":24,"column":20},"end":{"line":25,"column":49}}]},"6":{"type":"branch","line":28,"loc":{"start":{"line":28,"column":50},"end":{"line":28,"column":65}},"locations":[{"start":{"line":28,"column":50},"end":{"line":28,"column":65}}]},"7":{"type":"branch","line":29,"loc":{"start":{"line":29,"column":13},"end":{"line":29,"column":29}},"locations":[{"start":{"line":29,"column":13},"end":{"line":29,"column":29}}]},"8":{"type":"branch","line":29,"loc":{"start":{"line":29,"column":22},"end":{"line":29,"column":50}},"locations":[{"start":{"line":29,"column":22},"end":{"line":29,"column":50}}]},"9":{"type":"branch","line":29,"loc":{"start":{"line":29,"column":29},"end":{"line":29,"column":47}},"locations":[{"start":{"line":29,"column":29},"end":{"line":29,"column":47}}]},"10":{"type":"branch","line":29,"loc":{"start":{"line":29,"column":40},"end":{"line":29,"column":50}},"locations":[{"start":{"line":29,"column":40},"end":{"line":29,"column":50}}]}},"b":{"0":[1],"1":[4],"2":[1],"3":[3],"4":[1],"5":[2],"6":[0],"7":[1],"8":[3],"9":[1],"10":[2]},"fnMap":{"0":{"name":"AgentTimeline","decl":{"start":{"line":10,"column":7},"end":{"line":35,"column":1}},"loc":{"start":{"line":10,"column":7},"end":{"line":35,"column":1}},"line":10}},"f":{"0":1}}
,"/home/bob/code/AtomsDemo/frontend/src/components/PlanCard.tsx": {"path":"/home/bob/code/AtomsDemo/frontend/src/components/PlanCard.tsx","all":false,"statementMap":{"0":{"start":{"line":1,"column":0},"end":{"line":1,"column":48}},"8":{"start":{"line":9,"column":0},"end":{"line":9,"column":71}},"9":{"start":{"line":10,"column":0},"end":{"line":10,"column":10}},"10":{"start":{"line":11,"column":0},"end":{"line":11,"column":76}},"11":{"start":{"line":12,"column":0},"end":{"line":12,"column":52}},"12":{"start":{"line":13,"column":0},"end":{"line":13,"column":59}},"13":{"start":{"line":14,"column":0},"end":{"line":14,"column":79}},"14":{"start":{"line":15,"column":0},"end":{"line":15,"column":12}},"15":{"start":{"line":16,"column":0},"end":{"line":16,"column":97}},"16":{"start":{"line":17,"column":0},"end":{"line":17,"column":14}},"17":{"start":{"line":18,"column":0},"end":{"line":18,"column":12}},"18":{"start":{"line":19,"column":0},"end":{"line":19,"column":13}},"19":{"start":{"line":20,"column":0},"end":{"line":20,"column":27}},"20":{"start":{"line":21,"column":0},"end":{"line":21,"column":26}},"21":{"start":{"line":22,"column":0},"end":{"line":22,"column":168}},"23":{"start":{"line":24,"column":0},"end":{"line":24,"column":36}},"24":{"start":{"line":25,"column":0},"end":{"line":25,"column":58}},"25":{"start":{"line":26,"column":0},"end":{"line":26,"column":15}},"26":{"start":{"line":27,"column":0},"end":{"line":27,"column":10}},"28":{"start":{"line":29,"column":0},"end":{"line":29,"column":1}}},"s":{"0":1,"8":1,"9":2,"10":2,"11":2,"12":2,"13":2,"14":2,"15":2,"16":2,"17":2,"18":2,"19":2,"20":2,"21":2,"23":2,"24":2,"25":2,"26":2,"28":2},"branchMap":{"0":{"type":"branch","line":9,"loc":{"start":{"line":9,"column":7},"end":{"line":29,"column":1}},"locations":[{"start":{"line":9,"column":7},"end":{"line":29,"column":1}}]},"1":{"type":"branch","line":25,"loc":{"start":{"line":25,"column":9},"end":{"line":25,"column":37}},"locations":[{"start":{"line":25,"column":9},"end":{"line":25,"column":37}}]},"2":{"type":"branch","line":25,"loc":{"start":{"line":25,"column":19},"end":{"line":25,"column":58}},"locations":[{"start":{"line":25,"column":19},"end":{"line":25,"column":58}}]}},"b":{"0":[2],"1":[1],"2":[1]},"fnMap":{"0":{"name":"PlanCard","decl":{"start":{"line":9,"column":7},"end":{"line":29,"column":1}},"loc":{"start":{"line":9,"column":7},"end":{"line":29,"column":1}},"line":9}},"f":{"0":2}}
,"/home/bob/code/AtomsDemo/frontend/src/components/ProtectedRoute.tsx": {"path":"/home/bob/code/AtomsDemo/frontend/src/components/ProtectedRoute.tsx","all":false,"statementMap":{"0":{"start":{"line":1,"column":0},"end":{"line":1,"column":56}},"1":{"start":{"line":2,"column":0},"end":{"line":2,"column":42}},"3":{"start":{"line":4,"column":0},"end":{"line":4,"column":77}},"4":{"start":{"line":5,"column":0},"end":{"line":5,"column":37}},"5":{"start":{"line":6,"column":0},"end":{"line":6,"column":32}},"7":{"start":{"line":8,"column":0},"end":{"line":8,"column":16}},"8":{"start":{"line":9,"column":0},"end":{"line":9,"column":12}},"9":{"start":{"line":10,"column":0},"end":{"line":10,"column":100}},"11":{"start":{"line":12,"column":0},"end":{"line":12,"column":3}},"13":{"start":{"line":14,"column":0},"end":{"line":14,"column":14}},"14":{"start":{"line":15,"column":0},"end":{"line":15,"column":70}},"15":{"start":{"line":16,"column":0},"end":{"line":16,"column":3}},"17":{"start":{"line":18,"column":0},"end":{"line":18,"column":24}},"18":{"start":{"line":19,"column":0},"end":{"line":19,"column":1}}},"s":{"0":1,"1":1,"3":1,"4":3,"5":3,"7":3,"8":1,"9":1,"11":1,"13":3,"14":1,"15":1,"17":1,"18":1},"branchMap":{"0":{"type":"branch","line":4,"loc":{"start":{"line":4,"column":7},"end":{"line":19,"column":1}},"locations":[{"start":{"line":4,"column":7},"end":{"line":19,"column":1}}]},"1":{"type":"branch","line":8,"loc":{"start":{"line":8,"column":15},"end":{"line":12,"column":3}},"locations":[{"start":{"line":8,"column":15},"end":{"line":12,"column":3}}]},"2":{"type":"branch","line":12,"loc":{"start":{"line":12,"column":2},"end":{"line":14,"column":13}},"locations":[{"start":{"line":12,"column":2},"end":{"line":14,"column":13}}]},"3":{"type":"branch","line":14,"loc":{"start":{"line":14,"column":13},"end":{"line":19,"column":1}},"locations":[{"start":{"line":14,"column":13},"end":{"line":19,"column":1}}]}},"b":{"0":[3],"1":[1],"2":[2],"3":[1]},"fnMap":{"0":{"name":"ProtectedRoute","decl":{"start":{"line":4,"column":7},"end":{"line":19,"column":1}},"loc":{"start":{"line":4,"column":7},"end":{"line":19,"column":1}},"line":4}},"f":{"0":3}}
,"/home/bob/code/AtomsDemo/frontend/src/components/RaceModePanel.tsx": {"path":"/home/bob/code/AtomsDemo/frontend/src/components/RaceModePanel.tsx","all":false,"statementMap":{"8":{"start":{"line":9,"column":0},"end":{"line":9,"column":84}},"9":{"start":{"line":10,"column":0},"end":{"line":10,"column":40}},"11":{"start":{"line":12,"column":0},"end":{"line":12,"column":10}},"12":{"start":{"line":13,"column":0},"end":{"line":13,"column":84}},"13":{"start":{"line":14,"column":0},"end":{"line":14,"column":82}},"14":{"start":{"line":15,"column":0},"end":{"line":15,"column":49}},"15":{"start":{"line":16,"column":0},"end":{"line":16,"column":30}},"16":{"start":{"line":17,"column":0},"end":{"line":17,"column":99}},"17":{"start":{"line":18,"column":0},"end":{"line":18,"column":89}},"18":{"start":{"line":19,"column":0},"end":{"line":19,"column":19}},"19":{"start":{"line":20,"column":0},"end":{"line":20,"column":37}},"20":{"start":{"line":21,"column":0},"end":{"line":21,"column":55}},"21":{"start":{"line":22,"column":0},"end":{"line":22,"column":37}},"22":{"start":{"line":23,"column":0},"end":{"line":23,"column":35}},"23":{"start":{"line":24,"column":0},"end":{"line":24,"column":14}},"24":{"start":{"line":25,"column":0},"end":{"line":25,"column":19}},"25":{"start":{"line":26,"column":0},"end":{"line":26,"column":44}},"26":{"start":{"line":27,"column":0},"end":{"line":27,"column":32}},"27":{"start":{"line":28,"column":0},"end":{"line":28,"column":110}},"28":{"start":{"line":29,"column":0},"end":{"line":29,"column":13}},"30":{"start":{"line":31,"column":0},"end":{"line":31,"column":21}},"31":{"start":{"line":32,"column":0},"end":{"line":32,"column":16}},"32":{"start":{"line":33,"column":0},"end":{"line":33,"column":11}},"33":{"start":{"line":34,"column":0},"end":{"line":34,"column":12}},"34":{"start":{"line":35,"column":0},"end":{"line":35,"column":10}},"36":{"start":{"line":37,"column":0},"end":{"line":37,"column":1}}},"s":{"8":1,"9":2,"11":1,"12":1,"13":1,"14":1,"15":1,"16":2,"17":2,"18":2,"19":2,"20":2,"21":2,"22":2,"23":2,"24":2,"25":2,"26":2,"27":2,"28":2,"30":2,"31":2,"32":1,"33":1,"34":1,"36":1},"branchMap":{"0":{"type":"branch","line":9,"loc":{"start":{"line":9,"column":7},"end":{"line":37,"column":1}},"locations":[{"start":{"line":9,"column":7},"end":{"line":37,"column":1}}]},"1":{"type":"branch","line":10,"loc":{"start":{"line":10,"column":29},"end":{"line":37,"column":1}},"locations":[{"start":{"line":10,"column":29},"end":{"line":37,"column":1}}]},"2":{"type":"branch","line":16,"loc":{"start":{"line":16,"column":22},"end":{"line":32,"column":16}},"locations":[{"start":{"line":16,"column":22},"end":{"line":32,"column":16}}]},"3":{"type":"branch","line":26,"loc":{"start":{"line":26,"column":23},"end":{"line":26,"column":44}},"locations":[{"start":{"line":26,"column":23},"end":{"line":26,"column":44}}]}},"b":{"0":[2],"1":[1],"2":[2],"3":[1]},"fnMap":{"0":{"name":"RaceModePanel","decl":{"start":{"line":9,"column":7},"end":{"line":37,"column":1}},"loc":{"start":{"line":9,"column":7},"end":{"line":37,"column":1}},"line":9},"1":{"name":"onClick","decl":{"start":{"line":26,"column":23},"end":{"line":26,"column":44}},"loc":{"start":{"line":26,"column":23},"end":{"line":26,"column":44}},"line":26}},"f":{"0":2,"1":1}}
}
